# JRE version: OpenJDK Runtime Environment (8.0_152-b06) (build 1.8.0_152-release-1136-b06)
# Java VM: OpenJDK 64-Bit Server VM (25.152-b06 mixed mode linux-amd64 compressed oops)
Heap:
 PSYoungGen      total 455168K, used 254717K [0x00000000e0000000, 0x0000000100000000, 0x0000000100000000)
  eden space 413696K, 51% used [0x00000000e0000000,0x00000000ed07ce40,0x00000000f9400000)
  from space 41472K, 99% used [0x00000000f9400000,0x00000000fbc428a0,0x00000000fbc80000)
  to   space 57856K, 0% used [0x00000000fc780000,0x00000000fc780000,0x0000000100000000)
 ParOldGen       total 213504K, used 68647K [0x00000000a0000000, 0x00000000ad080000, 0x00000000e0000000)
  object space 213504K, 32% used [0x00000000a0000000,0x00000000a4309f38,0x00000000ad080000)
 Metaspace       used 91035K, capacity 94938K, committed 95064K, reserved 1132544K
  class space    used 11460K, capacity 12307K, committed 12376K, reserved 1048576K
GC Heap History (10 events):
Event: 511,370 GC heap before
{Heap before GC invocations=18 (full 3):
 PSYoungGen      total 464896K, used 464877K [0x00000000e0000000, 0x0000000100000000, 0x0000000100000000)
  eden space 429056K, 100% used [0x00000000e0000000,0x00000000fa300000,0x00000000fa300000)
  from space 35840K, 99% used [0x00000000fdd00000,0x00000000ffffb540,0x0000000100000000)
  to   space 47616K, 0% used [0x00000000fa300000,0x00000000fa300000,0x00000000fd180000)
 ParOldGen       total 213504K, used 65125K [0x00000000a0000000, 0x00000000ad080000, 0x00000000e0000000)
  object space 213504K, 30% used [0x00000000a0000000,0x00000000a3f996a8,0x00000000ad080000)
 Metaspace       used 90496K, capacity 94416K, committed 94552K, reserved 1132544K
  class space    used 11454K, capacity 12304K, committed 12376K, reserved 1048576K
Event: 511,443 GC heap after
Heap after GC invocations=18 (full 3):
 PSYoungGen      total 465408K, used 36206K [0x00000000e0000000, 0x0000000100000000, 0x0000000100000000)
  eden space 429056K, 0% used [0x00000000e0000000,0x00000000e0000000,0x00000000fa300000)
  from space 36352K, 99% used [0x00000000fa300000,0x00000000fc65b898,0x00000000fc680000)
  to   space 50176K, 0% used [0x00000000fcf00000,0x00000000fcf00000,0x0000000100000000)
 ParOldGen       total 213504K, used 68615K [0x00000000a0000000, 0x00000000ad080000, 0x00000000e0000000)
  object space 213504K, 32% used [0x00000000a0000000,0x00000000a4301f38,0x00000000ad080000)
 Metaspace       used 90496K, capacity 94416K, committed 94552K, reserved 1132544K
  class space    used 11454K, capacity 12304K, committed 12376K, reserved 1048576K
}
Event: 512,990 GC heap before
{Heap before GC invocations=19 (full 3):
 PSYoungGen      total 465408K, used 465262K [0x00000000e0000000, 0x0000000100000000, 0x0000000100000000)
  eden space 429056K, 100% used [0x00000000e0000000,0x00000000fa300000,0x00000000fa300000)
  from space 36352K, 99% used [0x00000000fa300000,0x00000000fc65b898,0x00000000fc680000)
  to   space 50176K, 0% used [0x00000000fcf00000,0x00000000fcf00000,0x0000000100000000)
 ParOldGen       total 213504K, used 68615K [0x00000000a0000000, 0x00000000ad080000, 0x00000000e0000000)
  object space 213504K, 32% used [0x00000000a0000000,0x00000000a4301f38,0x00000000ad080000)
 Metaspace       used 90840K, capacity 94720K, committed 94808K, reserved 1132544K
  class space    used 11457K, capacity 12304K, committed 12376K, reserved 1048576K
Event: 513,051 GC heap after
Heap after GC invocations=19 (full 3):
 PSYoungGen      total 470016K, used 35344K [0x00000000e0000000, 0x0000000100000000, 0x0000000100000000)
  eden space 419840K, 0% used [0x00000000e0000000,0x00000000e0000000,0x00000000f9a00000)
  from space 50176K, 70% used [0x00000000fcf00000,0x00000000ff184350,0x0000000100000000)
  to   space 52224K, 0% used [0x00000000f9a00000,0x00000000f9a00000,0x00000000fcd00000)
 ParOldGen       total 213504K, used 68615K [0x00000000a0000000, 0x00000000ad080000, 0x00000000e0000000)
  object space 213504K, 32% used [0x00000000a0000000,0x00000000a4301f38,0x00000000ad080000)
 Metaspace       used 90840K, capacity 94720K, committed 94808K, reserved 1132544K
  class space    used 11457K, capacity 12304K, committed 12376K, reserved 1048576K
}
Event: 514,330 GC heap before
{Heap before GC invocations=20 (full 3):
 PSYoungGen      total 470016K, used 455184K [0x00000000e0000000, 0x0000000100000000, 0x0000000100000000)
  eden space 419840K, 100% used [0x00000000e0000000,0x00000000f9a00000,0x00000000f9a00000)
  from space 50176K, 70% used [0x00000000fcf00000,0x00000000ff184350,0x0000000100000000)
  to   space 52224K, 0% used [0x00000000f9a00000,0x00000000f9a00000,0x00000000fcd00000)
 ParOldGen       total 213504K, used 68615K [0x00000000a0000000, 0x00000000ad080000, 0x00000000e0000000)
  object space 213504K, 32% used [0x00000000a0000000,0x00000000a4301f38,0x00000000ad080000)
 Metaspace       used 90900K, capacity 94798K, committed 95064K, reserved 1132544K
  class space    used 11459K, capacity 12305K, committed 12376K, reserved 1048576K
Event: 514,412 GC heap after
Heap after GC invocations=20 (full 3):
 PSYoungGen      total 454656K, used 34664K [0x00000000e0000000, 0x0000000100000000, 0x0000000100000000)
  eden space 419840K, 0% used [0x00000000e0000000,0x00000000e0000000,0x00000000f9a00000)
  from space 34816K, 99% used [0x00000000f9a00000,0x00000000fbbda110,0x00000000fbc00000)
  to   space 53248K, 0% used [0x00000000fcc00000,0x00000000fcc00000,0x0000000100000000)
 ParOldGen       total 213504K, used 68623K [0x00000000a0000000, 0x00000000ad080000, 0x00000000e0000000)
  object space 213504K, 32% used [0x00000000a0000000,0x00000000a4303f38,0x00000000ad080000)
 Metaspace       used 90900K, capacity 94798K, committed 95064K, reserved 1132544K
  class space    used 11459K, capacity 12305K, committed 12376K, reserved 1048576K
}
Event: 515,703 GC heap before
{Heap before GC invocations=21 (full 3):
 PSYoungGen      total 454656K, used 454504K [0x00000000e0000000, 0x0000000100000000, 0x0000000100000000)
  eden space 419840K, 100% used [0x00000000e0000000,0x00000000f9a00000,0x00000000f9a00000)
  from space 34816K, 99% used [0x00000000f9a00000,0x00000000fbbda110,0x00000000fbc00000)
  to   space 53248K, 0% used [0x00000000fcc00000,0x00000000fcc00000,0x0000000100000000)
 ParOldGen       total 213504K, used 68623K [0x00000000a0000000, 0x00000000ad080000, 0x00000000e0000000)
  object space 213504K, 32% used [0x00000000a0000000,0x00000000a4303f38,0x00000000ad080000)
 Metaspace       used 90965K, capacity 94868K, committed 95064K, reserved 1132544K
  class space    used 11459K, capacity 12306K, committed 12376K, reserved 1048576K
Event: 515,770 GC heap after
Heap after GC invocations=21 (full 3):
 PSYoungGen      total 466944K, used 38956K [0x00000000e0000000, 0x0000000100000000, 0x0000000100000000)
  eden space 413696K, 0% used [0x00000000e0000000,0x00000000e0000000,0x00000000f9400000)
  from space 53248K, 73% used [0x00000000fcc00000,0x00000000ff20b3e8,0x0000000100000000)
  to   space 55296K, 0% used [0x00000000f9400000,0x00000000f9400000,0x00000000fca00000)
 ParOldGen       total 213504K, used 68639K [0x00000000a0000000, 0x00000000ad080000, 0x00000000e0000000)
  object space 213504K, 32% used [0x00000000a0000000,0x00000000a4307f38,0x00000000ad080000)
 Metaspace       used 90965K, capacity 94868K, committed 95064K, reserved 1132544K
  class space    used 11459K, capacity 12306K, committed 12376K, reserved 1048576K
}
Event: 516,895 GC heap before
{Heap before GC invocations=22 (full 3):
 PSYoungGen      total 466944K, used 452652K [0x00000000e0000000, 0x0000000100000000, 0x0000000100000000)
  eden space 413696K, 100% used [0x00000000e0000000,0x00000000f9400000,0x00000000f9400000)
  from space 53248K, 73% used [0x00000000fcc00000,0x00000000ff20b3e8,0x0000000100000000)
  to   space 55296K, 0% used [0x00000000f9400000,0x00000000f9400000,0x00000000fca00000)
 ParOldGen       total 213504K, used 68639K [0x00000000a0000000, 0x00000000ad080000, 0x00000000e0000000)
  object space 213504K, 32% used [0x00000000a0000000,0x00000000a4307f38,0x00000000ad080000)
 Metaspace       used 91023K, capacity 94938K, committed 95064K, reserved 1132544K
  class space    used 11460K, capacity 12307K, committed 12376K, reserved 1048576K
Event: 516,951 GC heap after
Heap after GC invocations=22 (full 3):
 PSYoungGen      total 455168K, used 41226K [0x00000000e0000000, 0x0000000100000000, 0x0000000100000000)
  eden space 413696K, 0% used [0x00000000e0000000,0x00000000e0000000,0x00000000f9400000)
  from space 41472K, 99% used [0x00000000f9400000,0x00000000fbc428a0,0x00000000fbc80000)
  to   space 57856K, 0% used [0x00000000fc780000,0x00000000fc780000,0x0000000100000000)
 ParOldGen       total 213504K, used 68647K [0x00000000a0000000, 0x00000000ad080000, 0x00000000e0000000)
  object space 213504K, 32% used [0x00000000a0000000,0x00000000a4309f38,0x00000000ad080000)
 Metaspace       used 91023K, capacity 94938K, committed 95064K, reserved 1132544K
  class space    used 11460K, capacity 12307K, committed 12376K, reserved 1048576K
}

