# JRE version: OpenJDK Runtime Environment (8.0_152-b06) (build 1.8.0_152-release-1136-b06)
# Java VM: OpenJDK 64-Bit Server VM (25.152-b06 mixed mode linux-amd64 compressed oops)
Heap:
 PSYoungGen      total 395776K, used 69442K [0x00000000e0000000, 0x00000000ff580000, 0x0000000100000000)
  eden space 293376K, 23% used [0x00000000e0000000,0x00000000e421e4a0,0x00000000f1e80000)
  from space 102400K, 1% used [0x00000000f9180000,0x00000000f93323b8,0x00000000ff580000)
  to   space 110080K, 0% used [0x00000000f1e80000,0x00000000f1e80000,0x00000000f8a00000)
 ParOldGen       total 306176K, used 150093K [0x00000000a0000000, 0x00000000b2b00000, 0x00000000e0000000)
  object space 306176K, 49% used [0x00000000a0000000,0x00000000a92936e8,0x00000000b2b00000)
 Metaspace       used 85444K, capacity 89904K, committed 90112K, reserved 1128448K
  class space    used 10823K, capacity 11667K, committed 11776K, reserved 1048576K
GC Heap History (10 events):
Event: 1293,868 GC heap before
{Heap before GC invocations=54 (full 4):
 PSYoungGen      total 405504K, used 300861K [0x00000000e0000000, 0x00000000ff780000, 0x0000000100000000)
  eden space 299520K, 100% used [0x00000000e0000000,0x00000000f2480000,0x00000000f2480000)
  from space 105984K, 1% used [0x00000000f2480000,0x00000000f25cf720,0x00000000f8c00000)
  to   space 102912K, 0% used [0x00000000f9300000,0x00000000f9300000,0x00000000ff780000)
 ParOldGen       total 306176K, used 143878K [0x00000000a0000000, 0x00000000b2b00000, 0x00000000e0000000)
  object space 306176K, 46% used [0x00000000a0000000,0x00000000a8c81ab8,0x00000000b2b00000)
 Metaspace       used 85172K, capacity 89572K, committed 89728K, reserved 1128448K
  class space    used 10811K, capacity 11645K, committed 11648K, reserved 1048576K
Event: 1293,903 GC heap after
Heap after GC invocations=54 (full 4):
 PSYoungGen      total 414208K, used 5962K [0x00000000e0000000, 0x00000000ff500000, 0x0000000100000000)
  eden space 313856K, 0% used [0x00000000e0000000,0x00000000e0000000,0x00000000f3280000)
  from space 100352K, 5% used [0x00000000f9300000,0x00000000f98d28f0,0x00000000ff500000)
  to   space 98816K, 0% used [0x00000000f3280000,0x00000000f3280000,0x00000000f9300000)
 ParOldGen       total 306176K, used 144566K [0x00000000a0000000, 0x00000000b2b00000, 0x00000000e0000000)
  object space 306176K, 47% used [0x00000000a0000000,0x00000000a8d2dbb8,0x00000000b2b00000)
 Metaspace       used 85172K, capacity 89572K, committed 89728K, reserved 1128448K
  class space    used 10811K, capacity 11645K, committed 11648K, reserved 1048576K
}
Event: 1295,694 GC heap before
{Heap before GC invocations=55 (full 4):
 PSYoungGen      total 414208K, used 319583K [0x00000000e0000000, 0x00000000ff500000, 0x0000000100000000)
  eden space 313856K, 99% used [0x00000000e0000000,0x00000000f3245618,0x00000000f3280000)
  from space 100352K, 5% used [0x00000000f9300000,0x00000000f98d28f0,0x00000000ff500000)
  to   space 98816K, 0% used [0x00000000f3280000,0x00000000f3280000,0x00000000f9300000)
 ParOldGen       total 306176K, used 144566K [0x00000000a0000000, 0x00000000b2b00000, 0x00000000e0000000)
  object space 306176K, 47% used [0x00000000a0000000,0x00000000a8d2dbb8,0x00000000b2b00000)
 Metaspace       used 85317K, capacity 89768K, committed 89984K, reserved 1128448K
  class space    used 10811K, capacity 11645K, committed 11648K, reserved 1048576K
Event: 1295,780 GC heap after
Heap after GC invocations=55 (full 4):
 PSYoungGen      total 412672K, used 66151K [0x00000000e0000000, 0x0000000100000000, 0x0000000100000000)
  eden space 313856K, 0% used [0x00000000e0000000,0x00000000e0000000,0x00000000f3280000)
  from space 98816K, 66% used [0x00000000f3280000,0x00000000f7319e58,0x00000000f9300000)
  to   space 107008K, 0% used [0x00000000f9780000,0x00000000f9780000,0x0000000100000000)
 ParOldGen       total 306176K, used 144574K [0x00000000a0000000, 0x00000000b2b00000, 0x00000000e0000000)
  object space 306176K, 47% used [0x00000000a0000000,0x00000000a8d2fbb8,0x00000000b2b00000)
 Metaspace       used 85317K, capacity 89768K, committed 89984K, reserved 1128448K
  class space    used 10811K, capacity 11645K, committed 11648K, reserved 1048576K
}
Event: 1296,983 GC heap before
{Heap before GC invocations=56 (full 4):
 PSYoungGen      total 412672K, used 380007K [0x00000000e0000000, 0x0000000100000000, 0x0000000100000000)
  eden space 313856K, 100% used [0x00000000e0000000,0x00000000f3280000,0x00000000f3280000)
  from space 98816K, 66% used [0x00000000f3280000,0x00000000f7319e58,0x00000000f9300000)
  to   space 107008K, 0% used [0x00000000f9780000,0x00000000f9780000,0x0000000100000000)
 ParOldGen       total 306176K, used 144574K [0x00000000a0000000, 0x00000000b2b00000, 0x00000000e0000000)
  object space 306176K, 47% used [0x00000000a0000000,0x00000000a8d2fbb8,0x00000000b2b00000)
 Metaspace       used 85318K, capacity 89768K, committed 89984K, reserved 1128448K
  class space    used 10811K, capacity 11645K, committed 11648K, reserved 1048576K
Event: 1297,062 GC heap after
Heap after GC invocations=56 (full 4):
 PSYoungGen      total 395776K, used 79156K [0x00000000e0000000, 0x0000000100000000, 0x0000000100000000)
  eden space 288768K, 0% used [0x00000000e0000000,0x00000000e0000000,0x00000000f1a00000)
  from space 107008K, 73% used [0x00000000f9780000,0x00000000fe4cd090,0x0000000100000000)
  to   space 117760K, 0% used [0x00000000f1a00000,0x00000000f1a00000,0x00000000f8d00000)
 ParOldGen       total 306176K, used 144582K [0x00000000a0000000, 0x00000000b2b00000, 0x00000000e0000000)
  object space 306176K, 47% used [0x00000000a0000000,0x00000000a8d31bb8,0x00000000b2b00000)
 Metaspace       used 85318K, capacity 89768K, committed 89984K, reserved 1128448K
  class space    used 10811K, capacity 11645K, committed 11648K, reserved 1048576K
}
Event: 1297,733 GC heap before
{Heap before GC invocations=57 (full 4):
 PSYoungGen      total 395776K, used 367257K [0x00000000e0000000, 0x0000000100000000, 0x0000000100000000)
  eden space 288768K, 99% used [0x00000000e0000000,0x00000000f1959578,0x00000000f1a00000)
  from space 107008K, 73% used [0x00000000f9780000,0x00000000fe4cd090,0x0000000100000000)
  to   space 117760K, 0% used [0x00000000f1a00000,0x00000000f1a00000,0x00000000f8d00000)
 ParOldGen       total 306176K, used 144582K [0x00000000a0000000, 0x00000000b2b00000, 0x00000000e0000000)
  object space 306176K, 47% used [0x00000000a0000000,0x00000000a8d31bb8,0x00000000b2b00000)
 Metaspace       used 85326K, capacity 89772K, committed 89984K, reserved 1128448K
  class space    used 10811K, capacity 11645K, committed 11648K, reserved 1048576K
Event: 1297,747 GC heap after
Heap after GC invocations=57 (full 4):
 PSYoungGen      total 406528K, used 10723K [0x00000000e0000000, 0x0000000100000000, 0x0000000100000000)
  eden space 288768K, 0% used [0x00000000e0000000,0x00000000e0000000,0x00000000f1a00000)
  from space 117760K, 9% used [0x00000000f1a00000,0x00000000f2478db0,0x00000000f8d00000)
  to   space 113152K, 0% used [0x00000000f9180000,0x00000000f9180000,0x0000000100000000)
 ParOldGen       total 306176K, used 148380K [0x00000000a0000000, 0x00000000b2b00000, 0x00000000e0000000)
  object space 306176K, 48% used [0x00000000a0000000,0x00000000a90e71d0,0x00000000b2b00000)
 Metaspace       used 85326K, capacity 89772K, committed 89984K, reserved 1128448K
  class space    used 10811K, capacity 11645K, committed 11648K, reserved 1048576K
}
Event: 1297,827 GC heap before
{Heap before GC invocations=58 (full 4):
 PSYoungGen      total 406528K, used 299404K [0x00000000e0000000, 0x0000000100000000, 0x0000000100000000)
  eden space 288768K, 99% used [0x00000000e0000000,0x00000000f19ea3b8,0x00000000f1a00000)
  from space 117760K, 9% used [0x00000000f1a00000,0x00000000f2478db0,0x00000000f8d00000)
  to   space 113152K, 0% used [0x00000000f9180000,0x00000000f9180000,0x0000000100000000)
 ParOldGen       total 306176K, used 148380K [0x00000000a0000000, 0x00000000b2b00000, 0x00000000e0000000)
  object space 306176K, 48% used [0x00000000a0000000,0x00000000a90e71d0,0x00000000b2b00000)
 Metaspace       used 85326K, capacity 89772K, committed 89984K, reserved 1128448K
  class space    used 10811K, capacity 11645K, committed 11648K, reserved 1048576K
Event: 1297,833 GC heap after
Heap after GC invocations=58 (full 4):
 PSYoungGen      total 395776K, used 1736K [0x00000000e0000000, 0x00000000ff580000, 0x0000000100000000)
  eden space 293376K, 0% used [0x00000000e0000000,0x00000000e0000000,0x00000000f1e80000)
  from space 102400K, 1% used [0x00000000f9180000,0x00000000f93323b8,0x00000000ff580000)
  to   space 110080K, 0% used [0x00000000f1e80000,0x00000000f1e80000,0x00000000f8a00000)
 ParOldGen       total 306176K, used 150093K [0x00000000a0000000, 0x00000000b2b00000, 0x00000000e0000000)
  object space 306176K, 49% used [0x00000000a0000000,0x00000000a92936e8,0x00000000b2b00000)
 Metaspace       used 85326K, capacity 89772K, committed 89984K, reserved 1128448K
  class space    used 10811K, capacity 11645K, committed 11648K, reserved 1048576K
}

