# JRE version: OpenJDK Runtime Environment (8.0_152-b06) (build 1.8.0_152-release-1136-b06)
# Java VM: OpenJDK 64-Bit Server VM (25.152-b06 mixed mode linux-amd64 compressed oops)
Heap:
 PSYoungGen      total 462848K, used 350736K [0x00000000e0000000, 0x0000000100000000, 0x0000000100000000)
  eden space 401920K, 78% used [0x00000000e0000000,0x00000000f339b1e0,0x00000000f8880000)
  from space 60928K, 58% used [0x00000000f8880000,0x00000000fab68f70,0x00000000fc400000)
  to   space 60928K, 0% used [0x00000000fc480000,0x00000000fc480000,0x0000000100000000)
 ParOldGen       total 241664K, used 122062K [0x00000000a0000000, 0x00000000aec00000, 0x00000000e0000000)
  object space 241664K, 50% used [0x00000000a0000000,0x00000000a7733ab8,0x00000000aec00000)
 Metaspace       used 93092K, capacity 97186K, committed 97280K, reserved 1134592K
  class space    used 11655K, capacity 12539K, committed 12544K, reserved 1048576K
GC Heap History (10 events):
Event: 1299,322 GC heap before
{Heap before GC invocations=22 (full 3):
 PSYoungGen      total 428544K, used 400940K [0x00000000e0000000, 0x00000000fea00000, 0x0000000100000000)
  eden space 360960K, 100% used [0x00000000e0000000,0x00000000f6080000,0x00000000f6080000)
  from space 67584K, 59% used [0x00000000fa280000,0x00000000fc98b358,0x00000000fe480000)
  to   space 67584K, 0% used [0x00000000f6080000,0x00000000f6080000,0x00000000fa280000)
 ParOldGen       total 241664K, used 90523K [0x00000000a0000000, 0x00000000aec00000, 0x00000000e0000000)
  object space 241664K, 37% used [0x00000000a0000000,0x00000000a5866d00,0x00000000aec00000)
 Metaspace       used 92888K, capacity 97038K, committed 97280K, reserved 1134592K
  class space    used 11647K, capacity 12535K, committed 12544K, reserved 1048576K
Event: 1299,361 GC heap after
Heap after GC invocations=22 (full 3):
 PSYoungGen      total 428544K, used 29231K [0x00000000e0000000, 0x00000000ff900000, 0x0000000100000000)
  eden space 360960K, 0% used [0x00000000e0000000,0x00000000e0000000,0x00000000f6080000)
  from space 67584K, 43% used [0x00000000f6080000,0x00000000f7d0bf60,0x00000000fa280000)
  to   space 64000K, 0% used [0x00000000fba80000,0x00000000fba80000,0x00000000ff900000)
 ParOldGen       total 241664K, used 94984K [0x00000000a0000000, 0x00000000aec00000, 0x00000000e0000000)
  object space 241664K, 39% used [0x00000000a0000000,0x00000000a5cc2170,0x00000000aec00000)
 Metaspace       used 92888K, capacity 97038K, committed 97280K, reserved 1134592K
  class space    used 11647K, capacity 12535K, committed 12544K, reserved 1048576K
}
Event: 1300,309 GC heap before
{Heap before GC invocations=23 (full 3):
 PSYoungGen      total 428544K, used 390191K [0x00000000e0000000, 0x00000000ff900000, 0x0000000100000000)
  eden space 360960K, 100% used [0x00000000e0000000,0x00000000f6080000,0x00000000f6080000)
  from space 67584K, 43% used [0x00000000f6080000,0x00000000f7d0bf60,0x00000000fa280000)
  to   space 64000K, 0% used [0x00000000fba80000,0x00000000fba80000,0x00000000ff900000)
 ParOldGen       total 241664K, used 94984K [0x00000000a0000000, 0x00000000aec00000, 0x00000000e0000000)
  object space 241664K, 39% used [0x00000000a0000000,0x00000000a5cc2170,0x00000000aec00000)
 Metaspace       used 92935K, capacity 97044K, committed 97280K, reserved 1134592K
  class space    used 11647K, capacity 12536K, committed 12544K, reserved 1048576K
Event: 1300,365 GC heap after
Heap after GC invocations=23 (full 3):
 PSYoungGen      total 453632K, used 31145K [0x00000000e0000000, 0x00000000ff680000, 0x0000000100000000)
  eden space 392192K, 0% used [0x00000000e0000000,0x00000000e0000000,0x00000000f7f00000)
  from space 61440K, 50% used [0x00000000fba80000,0x00000000fd8ea5f8,0x00000000ff680000)
  to   space 60928K, 0% used [0x00000000f7f00000,0x00000000f7f00000,0x00000000fba80000)
 ParOldGen       total 241664K, used 100595K [0x00000000a0000000, 0x00000000aec00000, 0x00000000e0000000)
  object space 241664K, 41% used [0x00000000a0000000,0x00000000a623ce98,0x00000000aec00000)
 Metaspace       used 92935K, capacity 97044K, committed 97280K, reserved 1134592K
  class space    used 11647K, capacity 12536K, committed 12544K, reserved 1048576K
}
Event: 1301,467 GC heap before
{Heap before GC invocations=24 (full 3):
 PSYoungGen      total 453632K, used 423337K [0x00000000e0000000, 0x00000000ff680000, 0x0000000100000000)
  eden space 392192K, 100% used [0x00000000e0000000,0x00000000f7f00000,0x00000000f7f00000)
  from space 61440K, 50% used [0x00000000fba80000,0x00000000fd8ea5f8,0x00000000ff680000)
  to   space 60928K, 0% used [0x00000000f7f00000,0x00000000f7f00000,0x00000000fba80000)
 ParOldGen       total 241664K, used 100595K [0x00000000a0000000, 0x00000000aec00000, 0x00000000e0000000)
  object space 241664K, 41% used [0x00000000a0000000,0x00000000a623ce98,0x00000000aec00000)
 Metaspace       used 92986K, capacity 97116K, committed 97280K, reserved 1134592K
  class space    used 11649K, capacity 12538K, committed 12544K, reserved 1048576K
Event: 1301,518 GC heap after
Heap after GC invocations=24 (full 3):
 PSYoungGen      total 453120K, used 12810K [0x00000000e0000000, 0x00000000fff80000, 0x0000000100000000)
  eden space 392192K, 0% used [0x00000000e0000000,0x00000000e0000000,0x00000000f7f00000)
  from space 60928K, 21% used [0x00000000f7f00000,0x00000000f8b829b0,0x00000000fba80000)
  to   space 60928K, 0% used [0x00000000fc400000,0x00000000fc400000,0x00000000fff80000)
 ParOldGen       total 241664K, used 121866K [0x00000000a0000000, 0x00000000aec00000, 0x00000000e0000000)
  object space 241664K, 50% used [0x00000000a0000000,0x00000000a7702aa8,0x00000000aec00000)
 Metaspace       used 92986K, capacity 97116K, committed 97280K, reserved 1134592K
  class space    used 11649K, capacity 12538K, committed 12544K, reserved 1048576K
}
Event: 1302,594 GC heap before
{Heap before GC invocations=25 (full 3):
 PSYoungGen      total 453120K, used 405002K [0x00000000e0000000, 0x00000000fff80000, 0x0000000100000000)
  eden space 392192K, 100% used [0x00000000e0000000,0x00000000f7f00000,0x00000000f7f00000)
  from space 60928K, 21% used [0x00000000f7f00000,0x00000000f8b829b0,0x00000000fba80000)
  to   space 60928K, 0% used [0x00000000fc400000,0x00000000fc400000,0x00000000fff80000)
 ParOldGen       total 241664K, used 121866K [0x00000000a0000000, 0x00000000aec00000, 0x00000000e0000000)
  object space 241664K, 50% used [0x00000000a0000000,0x00000000a7702aa8,0x00000000aec00000)
 Metaspace       used 93007K, capacity 97116K, committed 97280K, reserved 1134592K
  class space    used 11649K, capacity 12538K, committed 12544K, reserved 1048576K
Event: 1302,607 GC heap after
Heap after GC invocations=25 (full 3):
 PSYoungGen      total 462848K, used 10882K [0x00000000e0000000, 0x0000000100000000, 0x0000000100000000)
  eden space 401920K, 0% used [0x00000000e0000000,0x00000000e0000000,0x00000000f8880000)
  from space 60928K, 17% used [0x00000000fc400000,0x00000000fcea0bd8,0x00000000fff80000)
  to   space 60928K, 0% used [0x00000000f8880000,0x00000000f8880000,0x00000000fc400000)
 ParOldGen       total 241664K, used 122034K [0x00000000a0000000, 0x00000000aec00000, 0x00000000e0000000)
  object space 241664K, 50% used [0x00000000a0000000,0x00000000a772caa8,0x00000000aec00000)
 Metaspace       used 93007K, capacity 97116K, committed 97280K, reserved 1134592K
  class space    used 11649K, capacity 12538K, committed 12544K, reserved 1048576K
}
Event: 1303,529 GC heap before
{Heap before GC invocations=26 (full 3):
 PSYoungGen      total 462848K, used 412802K [0x00000000e0000000, 0x0000000100000000, 0x0000000100000000)
  eden space 401920K, 100% used [0x00000000e0000000,0x00000000f8880000,0x00000000f8880000)
  from space 60928K, 17% used [0x00000000fc400000,0x00000000fcea0bd8,0x00000000fff80000)
  to   space 60928K, 0% used [0x00000000f8880000,0x00000000f8880000,0x00000000fc400000)
 ParOldGen       total 241664K, used 122034K [0x00000000a0000000, 0x00000000aec00000, 0x00000000e0000000)
  object space 241664K, 50% used [0x00000000a0000000,0x00000000a772caa8,0x00000000aec00000)
 Metaspace       used 93050K, capacity 97180K, committed 97280K, reserved 1134592K
  class space    used 11654K, capacity 12538K, committed 12544K, reserved 1048576K
Event: 1303,572 GC heap after
Heap after GC invocations=26 (full 3):
 PSYoungGen      total 462848K, used 35747K [0x00000000e0000000, 0x0000000100000000, 0x0000000100000000)
  eden space 401920K, 0% used [0x00000000e0000000,0x00000000e0000000,0x00000000f8880000)
  from space 60928K, 58% used [0x00000000f8880000,0x00000000fab68f70,0x00000000fc400000)
  to   space 60928K, 0% used [0x00000000fc480000,0x00000000fc480000,0x0000000100000000)
 ParOldGen       total 241664K, used 122062K [0x00000000a0000000, 0x00000000aec00000, 0x00000000e0000000)
  object space 241664K, 50% used [0x00000000a0000000,0x00000000a7733ab8,0x00000000aec00000)
 Metaspace       used 93050K, capacity 97180K, committed 97280K, reserved 1134592K
  class space    used 11654K, capacity 12538K, committed 12544K, reserved 1048576K
}

