# JRE version: OpenJDK Runtime Environment (8.0_152-b06) (build 1.8.0_152-release-1136-b06)
# Java VM: OpenJDK 64-Bit Server VM (25.152-b06 mixed mode linux-amd64 compressed oops)
Heap:
 PSYoungGen      total 480256K, used 423093K [0x00000000e0000000, 0x0000000100000000, 0x0000000100000000)
  eden space 440320K, 89% used [0x00000000e0000000,0x00000000f7f0bae8,0x00000000fae00000)
  from space 39936K, 77% used [0x00000000fd900000,0x00000000ff721ab0,0x0000000100000000)
  to   space 41984K, 0% used [0x00000000fae00000,0x00000000fae00000,0x00000000fd700000)
 ParOldGen       total 242688K, used 49109K [0x00000000a0000000, 0x00000000aed00000, 0x00000000e0000000)
  object space 242688K, 20% used [0x00000000a0000000,0x00000000a2ff57e0,0x00000000aed00000)
 Metaspace       used 71454K, capacity 73854K, committed 74200K, reserved 1114112K
  class space    used 9339K, capacity 9880K, committed 9984K, reserved 1048576K
GC Heap History (10 events):
Event: 14,059 GC heap before
{Heap before GC invocations=15 (full 3):
 PSYoungGen      total 314880K, used 301666K [0x00000000e0000000, 0x00000000f9c00000, 0x0000000100000000)
  eden space 275456K, 100% used [0x00000000e0000000,0x00000000f0d00000,0x00000000f0d00000)
  from space 39424K, 66% used [0x00000000f0d00000,0x00000000f2698a30,0x00000000f3380000)
  to   space 40448K, 0% used [0x00000000f7480000,0x00000000f7480000,0x00000000f9c00000)
 ParOldGen       total 242688K, used 49085K [0x00000000a0000000, 0x00000000aed00000, 0x00000000e0000000)
  object space 242688K, 20% used [0x00000000a0000000,0x00000000a2fef7e0,0x00000000aed00000)
 Metaspace       used 71225K, capacity 73630K, committed 73944K, reserved 1114112K
  class space    used 9336K, capacity 9876K, committed 9984K, reserved 1048576K
Event: 14,090 GC heap after
Heap after GC invocations=15 (full 3):
 PSYoungGen      total 382976K, used 21259K [0x00000000e0000000, 0x00000000f9c80000, 0x0000000100000000)
  eden space 342528K, 0% used [0x00000000e0000000,0x00000000e0000000,0x00000000f4e80000)
  from space 40448K, 52% used [0x00000000f7480000,0x00000000f8942f48,0x00000000f9c00000)
  to   space 38912K, 0% used [0x00000000f4e80000,0x00000000f4e80000,0x00000000f7480000)
 ParOldGen       total 242688K, used 49093K [0x00000000a0000000, 0x00000000aed00000, 0x00000000e0000000)
  object space 242688K, 20% used [0x00000000a0000000,0x00000000a2ff17e0,0x00000000aed00000)
 Metaspace       used 71225K, capacity 73630K, committed 73944K, reserved 1114112K
  class space    used 9336K, capacity 9876K, committed 9984K, reserved 1048576K
}
Event: 15,066 GC heap before
{Heap before GC invocations=16 (full 3):
 PSYoungGen      total 382976K, used 363787K [0x00000000e0000000, 0x00000000f9c80000, 0x0000000100000000)
  eden space 342528K, 100% used [0x00000000e0000000,0x00000000f4e80000,0x00000000f4e80000)
  from space 40448K, 52% used [0x00000000f7480000,0x00000000f8942f48,0x00000000f9c00000)
  to   space 38912K, 0% used [0x00000000f4e80000,0x00000000f4e80000,0x00000000f7480000)
 ParOldGen       total 242688K, used 49093K [0x00000000a0000000, 0x00000000aed00000, 0x00000000e0000000)
  object space 242688K, 20% used [0x00000000a0000000,0x00000000a2ff17e0,0x00000000aed00000)
 Metaspace       used 71297K, capacity 73704K, committed 73944K, reserved 1114112K
  class space    used 9337K, capacity 9877K, committed 9984K, reserved 1048576K
Event: 15,100 GC heap after
Heap after GC invocations=16 (full 3):
 PSYoungGen      total 381440K, used 20929K [0x00000000e0000000, 0x00000000fee00000, 0x0000000100000000)
  eden space 342528K, 0% used [0x00000000e0000000,0x00000000e0000000,0x00000000f4e80000)
  from space 38912K, 53% used [0x00000000f4e80000,0x00000000f62f0448,0x00000000f7480000)
  to   space 37888K, 0% used [0x00000000fc900000,0x00000000fc900000,0x00000000fee00000)
 ParOldGen       total 242688K, used 49101K [0x00000000a0000000, 0x00000000aed00000, 0x00000000e0000000)
  object space 242688K, 20% used [0x00000000a0000000,0x00000000a2ff37e0,0x00000000aed00000)
 Metaspace       used 71297K, capacity 73704K, committed 73944K, reserved 1114112K
  class space    used 9337K, capacity 9877K, committed 9984K, reserved 1048576K
}
Event: 16,040 GC heap before
{Heap before GC invocations=17 (full 3):
 PSYoungGen      total 381440K, used 363457K [0x00000000e0000000, 0x00000000fee00000, 0x0000000100000000)
  eden space 342528K, 100% used [0x00000000e0000000,0x00000000f4e80000,0x00000000f4e80000)
  from space 38912K, 53% used [0x00000000f4e80000,0x00000000f62f0448,0x00000000f7480000)
  to   space 37888K, 0% used [0x00000000fc900000,0x00000000fc900000,0x00000000fee00000)
 ParOldGen       total 242688K, used 49101K [0x00000000a0000000, 0x00000000aed00000, 0x00000000e0000000)
  object space 242688K, 20% used [0x00000000a0000000,0x00000000a2ff37e0,0x00000000aed00000)
 Metaspace       used 71346K, capacity 73714K, committed 73944K, reserved 1114112K
  class space    used 9338K, capacity 9878K, committed 9984K, reserved 1048576K
Event: 16,079 GC heap after
Heap after GC invocations=17 (full 3):
 PSYoungGen      total 466944K, used 27958K [0x00000000e0000000, 0x00000000ff380000, 0x0000000100000000)
  eden space 429056K, 0% used [0x00000000e0000000,0x00000000e0000000,0x00000000fa300000)
  from space 37888K, 73% used [0x00000000fc900000,0x00000000fe44d818,0x00000000fee00000)
  to   space 38912K, 0% used [0x00000000fa300000,0x00000000fa300000,0x00000000fc900000)
 ParOldGen       total 242688K, used 49101K [0x00000000a0000000, 0x00000000aed00000, 0x00000000e0000000)
  object space 242688K, 20% used [0x00000000a0000000,0x00000000a2ff37e0,0x00000000aed00000)
 Metaspace       used 71346K, capacity 73714K, committed 73944K, reserved 1114112K
  class space    used 9338K, capacity 9878K, committed 9984K, reserved 1048576K
}
Event: 17,307 GC heap before
{Heap before GC invocations=18 (full 3):
 PSYoungGen      total 466944K, used 457014K [0x00000000e0000000, 0x00000000ff380000, 0x0000000100000000)
  eden space 429056K, 100% used [0x00000000e0000000,0x00000000fa300000,0x00000000fa300000)
  from space 37888K, 73% used [0x00000000fc900000,0x00000000fe44d818,0x00000000fee00000)
  to   space 38912K, 0% used [0x00000000fa300000,0x00000000fa300000,0x00000000fc900000)
 ParOldGen       total 242688K, used 49101K [0x00000000a0000000, 0x00000000aed00000, 0x00000000e0000000)
  object space 242688K, 20% used [0x00000000a0000000,0x00000000a2ff37e0,0x00000000aed00000)
 Metaspace       used 71424K, capacity 73850K, committed 74200K, reserved 1114112K
  class space    used 9339K, capacity 9880K, committed 9984K, reserved 1048576K
Event: 17,335 GC heap after
Heap after GC invocations=18 (full 3):
 PSYoungGen      total 467968K, used 27803K [0x00000000e0000000, 0x0000000100000000, 0x0000000100000000)
  eden space 429056K, 0% used [0x00000000e0000000,0x00000000e0000000,0x00000000fa300000)
  from space 38912K, 71% used [0x00000000fa300000,0x00000000fbe26f30,0x00000000fc900000)
  to   space 39936K, 0% used [0x00000000fd900000,0x00000000fd900000,0x0000000100000000)
 ParOldGen       total 242688K, used 49109K [0x00000000a0000000, 0x00000000aed00000, 0x00000000e0000000)
  object space 242688K, 20% used [0x00000000a0000000,0x00000000a2ff57e0,0x00000000aed00000)
 Metaspace       used 71424K, capacity 73850K, committed 74200K, reserved 1114112K
  class space    used 9339K, capacity 9880K, committed 9984K, reserved 1048576K
}
Event: 18,422 GC heap before
{Heap before GC invocations=19 (full 3):
 PSYoungGen      total 467968K, used 456859K [0x00000000e0000000, 0x0000000100000000, 0x0000000100000000)
  eden space 429056K, 100% used [0x00000000e0000000,0x00000000fa300000,0x00000000fa300000)
  from space 38912K, 71% used [0x00000000fa300000,0x00000000fbe26f30,0x00000000fc900000)
  to   space 39936K, 0% used [0x00000000fd900000,0x00000000fd900000,0x0000000100000000)
 ParOldGen       total 242688K, used 49109K [0x00000000a0000000, 0x00000000aed00000, 0x00000000e0000000)
  object space 242688K, 20% used [0x00000000a0000000,0x00000000a2ff57e0,0x00000000aed00000)
 Metaspace       used 71440K, capacity 73854K, committed 74200K, reserved 1114112K
  class space    used 9339K, capacity 9880K, committed 9984K, reserved 1048576K
Event: 18,470 GC heap after
Heap after GC invocations=19 (full 3):
 PSYoungGen      total 480256K, used 30854K [0x00000000e0000000, 0x0000000100000000, 0x0000000100000000)
  eden space 440320K, 0% used [0x00000000e0000000,0x00000000e0000000,0x00000000fae00000)
  from space 39936K, 77% used [0x00000000fd900000,0x00000000ff721ab0,0x0000000100000000)
  to   space 41984K, 0% used [0x00000000fae00000,0x00000000fae00000,0x00000000fd700000)
 ParOldGen       total 242688K, used 49109K [0x00000000a0000000, 0x00000000aed00000, 0x00000000e0000000)
  object space 242688K, 20% used [0x00000000a0000000,0x00000000a2ff57e0,0x00000000aed00000)
 Metaspace       used 71440K, capacity 73854K, committed 74200K, reserved 1114112K
  class space    used 9339K, capacity 9880K, committed 9984K, reserved 1048576K
}

